2018-07-06 19:51:57,685 [localhost-startStop-1] [org.springframework.core.env.StandardEnvironment]-[DEBUG] Adding [systemEnvironment] PropertySource with lowest search precedence
2018-07-06 19:51:57,686 [localhost-startStop-1] [org.springframework.core.env.StandardEnvironment]-[DEBUG] Initialized StandardEnvironment with PropertySources [systemProperties,systemEnvironment]
2018-07-06 19:51:57,691 [localhost-startStop-1] [org.springframework.core.io.support.PathMatchingResourcePatternResolver]-[DEBUG] Looking for matching resources in jar file [file:/D:/JavaEvn/mavenRepository/com/cdinit/dubbo-dao/0.0.1-SNAPSHOT/dubbo-dao-0.0.1-SNAPSHOT.jar]
2018-07-06 19:51:57,691 [localhost-startStop-1] [org.springframework.core.io.support.PathMatchingResourcePatternResolver]-[DEBUG] Resolved location pattern [classpath*:com/cdinit/mapper/**/*.class] to resources [URL [jar:file:/D:/JavaEvn/mavenRepository/com/cdinit/dubbo-dao/0.0.1-SNAPSHOT/dubbo-dao-0.0.1-SNAPSHOT.jar!/com/cdinit/mapper/UserMapper.class]]
2018-07-06 19:51:57,706 [localhost-startStop-1] [org.mybatis.spring.mapper.ClassPathMapperScanner]-[DEBUG] Identified candidate component class: URL [jar:file:/D:/JavaEvn/mavenRepository/com/cdinit/dubbo-dao/0.0.1-SNAPSHOT/dubbo-dao-0.0.1-SNAPSHOT.jar!/com/cdinit/mapper/UserMapper.class]
2018-07-06 19:51:57,712 [localhost-startStop-1] [org.mybatis.spring.mapper.ClassPathMapperScanner]-[DEBUG] Creating MapperFactoryBean with name 'userMapper' and 'com.cdinit.mapper.UserMapper' mapperInterface
2018-07-06 19:51:57,725 [localhost-startStop-1] [org.springframework.beans.factory.support.DefaultListableBeanFactory]-[DEBUG] Creating shared instance of singleton bean 'org.springframework.context.annotation.internalConfigurationAnnotationProcessor'
2018-07-06 19:51:57,725 [localhost-startStop-1] [org.springframework.beans.factory.support.DefaultListableBeanFactory]-[DEBUG] Creating instance of bean 'org.springframework.context.annotation.internalConfigurationAnnotationProcessor'
2018-07-06 19:51:57,727 [localhost-startStop-1] [org.springframework.beans.factory.support.DefaultListableBeanFactory]-[DEBUG] Eagerly caching bean 'org.springframework.context.annotation.internalConfigurationAnnotationProcessor' to allow for resolving potential circular references
2018-07-06 19:51:57,728 [localhost-startStop-1] [org.springframework.beans.factory.support.DefaultListableBeanFactory]-[DEBUG] Finished creating instance of bean 'org.springframework.context.annotation.internalConfigurationAnnotationProcessor'
2018-07-06 19:51:57,760 [localhost-startStop-1] [org.springframework.beans.factory.support.DefaultListableBeanFactory]-[DEBUG] Creating shared instance of singleton bean 'org.springframework.context.support.PropertySourcesPlaceholderConfigurer#0'
2018-07-06 19:51:57,760 [localhost-startStop-1] [org.springframework.beans.factory.support.DefaultListableBeanFactory]-[DEBUG] Creating instance of bean 'org.springframework.context.support.PropertySourcesPlaceholderConfigurer#0'
2018-07-06 19:51:57,761 [localhost-startStop-1] [org.springframework.beans.factory.support.DefaultListableBeanFactory]-[DEBUG] Eagerly caching bean 'org.springframework.context.support.PropertySourcesPlaceholderConfigurer#0' to allow for resolving potential circular references
2018-07-06 19:51:57,770 [localhost-startStop-1] [org.springframework.beans.factory.support.DefaultListableBeanFactory]-[DEBUG] Finished creating instance of bean 'org.springframework.context.support.PropertySourcesPlaceholderConfigurer#0'
2018-07-06 19:51:57,770 [localhost-startStop-1] [org.springframework.core.env.MutablePropertySources]-[DEBUG] Adding [environmentProperties] PropertySource with lowest search precedence
2018-07-06 19:51:57,771 [localhost-startStop-1] [org.springframework.context.support.PropertySourcesPlaceholderConfigurer]-[INFO] Loading properties file from class path resource [db.properties]
2018-07-06 19:51:57,772 [localhost-startStop-1] [org.springframework.core.env.MutablePropertySources]-[DEBUG] Adding [localProperties] PropertySource with lowest search precedence
2018-07-06 19:51:57,774 [localhost-startStop-1] [org.springframework.core.env.PropertySourcesPropertyResolver]-[DEBUG] Searching for key 'jdbc.url' in [environmentProperties]
2018-07-06 19:51:57,774 [localhost-startStop-1] [org.springframework.core.env.PropertySourcesPropertyResolver]-[DEBUG] Searching for key 'jdbc.url' in [servletConfigInitParams]
2018-07-06 19:51:57,774 [localhost-startStop-1] [org.springframework.core.env.PropertySourcesPropertyResolver]-[DEBUG] Searching for key 'jdbc.url' in [servletContextInitParams]
2018-07-06 19:51:57,774 [localhost-startStop-1] [org.springframework.core.env.PropertySourcesPropertyResolver]-[DEBUG] Searching for key 'jdbc.url' in [jndiProperties]
2018-07-06 19:51:57,775 [localhost-startStop-1] [org.springframework.jndi.JndiTemplate]-[DEBUG] Looking up JNDI object with name [java:comp/env/jdbc.url]
2018-07-06 19:51:57,776 [localhost-startStop-1] [org.springframework.jndi.JndiLocatorDelegate]-[DEBUG] Converted JNDI name [java:comp/env/jdbc.url] not found - trying original name [jdbc.url]. javax.naming.NameNotFoundException: Name [jdbc.url] is not bound in this Context. Unable to find [jdbc.url].
2018-07-06 19:51:57,776 [localhost-startStop-1] [org.springframework.jndi.JndiTemplate]-[DEBUG] Looking up JNDI object with name [jdbc.url]
2018-07-06 19:51:57,777 [localhost-startStop-1] [org.springframework.jndi.JndiPropertySource]-[DEBUG] JNDI lookup for name [jdbc.url] threw NamingException with message: Name [jdbc.url] is not bound in this Context. Unable to find [jdbc.url].. Returning null.
2018-07-06 19:51:57,777 [localhost-startStop-1] [org.springframework.core.env.PropertySourcesPropertyResolver]-[DEBUG] Searching for key 'jdbc.url' in [systemProperties]
2018-07-06 19:51:57,778 [localhost-startStop-1] [org.springframework.core.env.PropertySourcesPropertyResolver]-[DEBUG] Searching for key 'jdbc.url' in [systemEnvironment]
2018-07-06 19:51:57,778 [localhost-startStop-1] [org.springframework.core.env.PropertySourcesPropertyResolver]-[DEBUG] Could not find key 'jdbc.url' in any property source. Returning [null]
2018-07-06 19:51:57,778 [localhost-startStop-1] [org.springframework.core.env.PropertySourcesPropertyResolver]-[DEBUG] Searching for key 'jdbc.url' in [localProperties]
2018-07-06 19:51:57,778 [localhost-startStop-1] [org.springframework.core.env.PropertySourcesPropertyResolver]-[DEBUG] Found key 'jdbc.url' in [localProperties] with type [String] and value 'jdbc:mysql://localhost:3306/dubbo_demo?characterEncoding=utf-8'
2018-07-06 19:51:57,780 [localhost-startStop-1] [org.springframework.core.env.PropertySourcesPropertyResolver]-[DEBUG] Searching for key 'jdbc.username' in [environmentProperties]
2018-07-06 19:51:57,781 [localhost-startStop-1] [org.springframework.core.env.PropertySourcesPropertyResolver]-[DEBUG] Searching for key 'jdbc.username' in [servletConfigInitParams]
2018-07-06 19:51:57,781 [localhost-startStop-1] [org.springframework.core.env.PropertySourcesPropertyResolver]-[DEBUG] Searching for key 'jdbc.username' in [servletContextInitParams]
2018-07-06 19:51:57,781 [localhost-startStop-1] [org.springframework.core.env.PropertySourcesPropertyResolver]-[DEBUG] Searching for key 'jdbc.username' in [jndiProperties]
2018-07-06 19:51:57,781 [localhost-startStop-1] [org.springframework.jndi.JndiTemplate]-[DEBUG] Looking up JNDI object with name [java:comp/env/jdbc.username]
2018-07-06 19:51:57,781 [localhost-startStop-1] [org.springframework.jndi.JndiLocatorDelegate]-[DEBUG] Converted JNDI name [java:comp/env/jdbc.username] not found - trying original name [jdbc.username]. javax.naming.NameNotFoundException: Name [jdbc.username] is not bound in this Context. Unable to find [jdbc.username].
2018-07-06 19:51:57,782 [localhost-startStop-1] [org.springframework.jndi.JndiTemplate]-[DEBUG] Looking up JNDI object with name [jdbc.username]
2018-07-06 19:51:57,782 [localhost-startStop-1] [org.springframework.jndi.JndiPropertySource]-[DEBUG] JNDI lookup for name [jdbc.username] threw NamingException with message: Name [jdbc.username] is not bound in this Context. Unable to find [jdbc.username].. Returning null.
2018-07-06 19:51:57,782 [localhost-startStop-1] [org.springframework.core.env.PropertySourcesPropertyResolver]-[DEBUG] Searching for key 'jdbc.username' in [systemProperties]
2018-07-06 19:51:57,782 [localhost-startStop-1] [org.springframework.core.env.PropertySourcesPropertyResolver]-[DEBUG] Searching for key 'jdbc.username' in [systemEnvironment]
2018-07-06 19:51:57,782 [localhost-startStop-1] [org.springframework.core.env.PropertySourcesPropertyResolver]-[DEBUG] Could not find key 'jdbc.username' in any property source. Returning [null]
2018-07-06 19:51:57,782 [localhost-startStop-1] [org.springframework.core.env.PropertySourcesPropertyResolver]-[DEBUG] Searching for key 'jdbc.username' in [localProperties]
2018-07-06 19:51:57,783 [localhost-startStop-1] [org.springframework.core.env.PropertySourcesPropertyResolver]-[DEBUG] Found key 'jdbc.username' in [localProperties] with type [String] and value 'root'
2018-07-06 19:51:57,783 [localhost-startStop-1] [org.springframework.core.env.PropertySourcesPropertyResolver]-[DEBUG] Searching for key 'jdbc.password' in [environmentProperties]
2018-07-06 19:51:57,783 [localhost-startStop-1] [org.springframework.core.env.PropertySourcesPropertyResolver]-[DEBUG] Searching for key 'jdbc.password' in [servletConfigInitParams]
2018-07-06 19:51:57,783 [localhost-startStop-1] [org.springframework.core.env.PropertySourcesPropertyResolver]-[DEBUG] Searching for key 'jdbc.password' in [servletContextInitParams]
2018-07-06 19:51:57,783 [localhost-startStop-1] [org.springframework.core.env.PropertySourcesPropertyResolver]-[DEBUG] Searching for key 'jdbc.password' in [jndiProperties]
2018-07-06 19:51:57,783 [localhost-startStop-1] [org.springframework.jndi.JndiTemplate]-[DEBUG] Looking up JNDI object with name [java:comp/env/jdbc.password]
2018-07-06 19:51:57,783 [localhost-startStop-1] [org.springframework.jndi.JndiLocatorDelegate]-[DEBUG] Converted JNDI name [java:comp/env/jdbc.password] not found - trying original name [jdbc.password]. javax.naming.NameNotFoundException: Name [jdbc.password] is not bound in this Context. Unable to find [jdbc.password].
2018-07-06 19:51:57,784 [localhost-startStop-1] [org.springframework.jndi.JndiTemplate]-[DEBUG] Looking up JNDI object with name [jdbc.password]
2018-07-06 19:51:57,784 [localhost-startStop-1] [org.springframework.jndi.JndiPropertySource]-[DEBUG] JNDI lookup for name [jdbc.password] threw NamingException with message: Name [jdbc.password] is not bound in this Context. Unable to find [jdbc.password].. Returning null.
2018-07-06 19:51:57,784 [localhost-startStop-1] [org.springframework.core.env.PropertySourcesPropertyResolver]-[DEBUG] Searching for key 'jdbc.password' in [systemProperties]
2018-07-06 19:51:57,784 [localhost-startStop-1] [org.springframework.core.env.PropertySourcesPropertyResolver]-[DEBUG] Searching for key 'jdbc.password' in [systemEnvironment]
2018-07-06 19:51:57,785 [localhost-startStop-1] [org.springframework.core.env.PropertySourcesPropertyResolver]-[DEBUG] Could not find key 'jdbc.password' in any property source. Returning [null]
2018-07-06 19:51:57,785 [localhost-startStop-1] [org.springframework.core.env.PropertySourcesPropertyResolver]-[DEBUG] Searching for key 'jdbc.password' in [localProperties]
2018-07-06 19:51:57,785 [localhost-startStop-1] [org.springframework.core.env.PropertySourcesPropertyResolver]-[DEBUG] Found key 'jdbc.password' in [localProperties] with type [String] and value 'root'
2018-07-06 19:51:57,785 [localhost-startStop-1] [org.springframework.core.env.PropertySourcesPropertyResolver]-[DEBUG] Searching for key 'jdbc.driver' in [environmentProperties]
2018-07-06 19:51:57,785 [localhost-startStop-1] [org.springframework.core.env.PropertySourcesPropertyResolver]-[DEBUG] Searching for key 'jdbc.driver' in [servletConfigInitParams]
2018-07-06 19:51:57,785 [localhost-startStop-1] [org.springframework.core.env.PropertySourcesPropertyResolver]-[DEBUG] Searching for key 'jdbc.driver' in [servletContextInitParams]
2018-07-06 19:51:57,786 [localhost-startStop-1] [org.springframework.core.env.PropertySourcesPropertyResolver]-[DEBUG] Searching for key 'jdbc.driver' in [jndiProperties]
2018-07-06 19:51:57,786 [localhost-startStop-1] [org.springframework.jndi.JndiTemplate]-[DEBUG] Looking up JNDI object with name [java:comp/env/jdbc.driver]
2018-07-06 19:51:57,786 [localhost-startStop-1] [org.springframework.jndi.JndiLocatorDelegate]-[DEBUG] Converted JNDI name [java:comp/env/jdbc.driver] not found - trying original name [jdbc.driver]. javax.naming.NameNotFoundException: Name [jdbc.driver] is not bound in this Context. Unable to find [jdbc.driver].
2018-07-06 19:51:57,786 [localhost-startStop-1] [org.springframework.jndi.JndiTemplate]-[DEBUG] Looking up JNDI object with name [jdbc.driver]
2018-07-06 19:51:57,786 [localhost-startStop-1] [org.springframework.jndi.JndiPropertySource]-[DEBUG] JNDI lookup for name [jdbc.driver] threw NamingException with message: Name [jdbc.driver] is not bound in this Context. Unable to find [jdbc.driver].. Returning null.
2018-07-06 19:51:57,787 [localhost-startStop-1] [org.springframework.core.env.PropertySourcesPropertyResolver]-[DEBUG] Searching for key 'jdbc.driver' in [systemProperties]
2018-07-06 19:51:57,787 [localhost-startStop-1] [org.springframework.core.env.PropertySourcesPropertyResolver]-[DEBUG] Searching for key 'jdbc.driver' in [systemEnvironment]
2018-07-06 19:51:57,787 [localhost-startStop-1] [org.springframework.core.env.PropertySourcesPropertyResolver]-[DEBUG] Could not find key 'jdbc.driver' in any property source. Returning [null]
2018-07-06 19:51:57,787 [localhost-startStop-1] [org.springframework.core.env.PropertySourcesPropertyResolver]-[DEBUG] Searching for key 'jdbc.driver' in [localProperties]
2018-07-06 19:51:57,787 [localhost-startStop-1] [org.springframework.core.env.PropertySourcesPropertyResolver]-[DEBUG] Found key 'jdbc.driver' in [localProperties] with type [String] and value 'com.mysql.jdbc.Driver'
2018-07-06 19:51:57,788 [localhost-startStop-1] [org.springframework.beans.factory.support.DefaultListableBeanFactory]-[DEBUG] Creating shared instance of singleton bean 'com.alibaba.dubbo.config.spring.AnnotationBean'
2018-07-06 19:51:57,788 [localhost-startStop-1] [org.springframework.beans.factory.support.DefaultListableBeanFactory]-[DEBUG] Creating instance of bean 'com.alibaba.dubbo.config.spring.AnnotationBean'
2018-07-06 19:51:57,789 [localhost-startStop-1] [org.springframework.beans.factory.support.DefaultListableBeanFactory]-[DEBUG] Eagerly caching bean 'com.alibaba.dubbo.config.spring.AnnotationBean' to allow for resolving potential circular references
2018-07-06 19:51:57,798 [localhost-startStop-1] [org.springframework.beans.factory.support.DefaultListableBeanFactory]-[DEBUG] Finished creating instance of bean 'com.alibaba.dubbo.config.spring.AnnotationBean'
2018-07-06 19:51:57,802 [localhost-startStop-1] [org.springframework.core.env.StandardEnvironment]-[DEBUG] Adding [systemProperties] PropertySource with lowest search precedence
2018-07-06 19:51:57,802 [localhost-startStop-1] [org.springframework.core.env.StandardEnvironment]-[DEBUG] Adding [systemEnvironment] PropertySource with lowest search precedence
2018-07-06 19:51:57,802 [localhost-startStop-1] [org.springframework.core.env.StandardEnvironment]-[DEBUG] Initialized StandardEnvironment with PropertySources [systemProperties,systemEnvironment]
2018-07-06 19:51:57,805 [localhost-startStop-1] [org.springframework.context.annotation.ClassPathBeanDefinitionScanner]-[DEBUG] JSR-250 'javax.annotation.ManagedBean' found and supported for component scanning
2018-07-06 19:51:57,806 [localhost-startStop-1] [org.springframework.context.annotation.ClassPathBeanDefinitionScanner]-[DEBUG] JSR-330 'javax.inject.Named' annotation found and supported for component scanning
2018-07-06 19:51:57,808 [localhost-startStop-1] [org.springframework.core.io.support.PathMatchingResourcePatternResolver]-[DEBUG] Looking for matching resources in directory tree [D:\EclipseWorkSpace\dubbo-parent\dubbo-service\target\classes\com\cdinit\service\impl]
2018-07-06 19:51:57,808 [localhost-startStop-1] [org.springframework.core.io.support.PathMatchingResourcePatternResolver]-[DEBUG] Searching directory [D:\EclipseWorkSpace\dubbo-parent\dubbo-service\target\classes\com\cdinit\service\impl] for files matching pattern [D:/EclipseWorkSpace/dubbo-parent/dubbo-service/target/classes/com/cdinit/service/impl/**/*.class]
2018-07-06 19:51:57,809 [localhost-startStop-1] [org.springframework.core.io.support.PathMatchingResourcePatternResolver]-[DEBUG] Resolved location pattern [classpath*:com/cdinit/service/impl/**/*.class] to resources [file [D:\EclipseWorkSpace\dubbo-parent\dubbo-service\target\classes\com\cdinit\service\impl\UserServiceImpl.class]]
2018-07-06 19:51:57,812 [localhost-startStop-1] [org.springframework.context.annotation.ClassPathBeanDefinitionScanner]-[DEBUG] Identified candidate component class: file [D:\EclipseWorkSpace\dubbo-parent\dubbo-service\target\classes\com\cdinit\service\impl\UserServiceImpl.class]
2018-07-06 19:51:57,819 [localhost-startStop-1] [org.springframework.beans.factory.support.DefaultListableBeanFactory]-[DEBUG] Creating shared instance of singleton bean 'org.springframework.context.annotation.internalAutowiredAnnotationProcessor'
2018-07-06 19:51:57,819 [localhost-startStop-1] [org.springframework.beans.factory.support.DefaultListableBeanFactory]-[DEBUG] Creating instance of bean 'org.springframework.context.annotation.internalAutowiredAnnotationProcessor'
2018-07-06 19:51:57,820 [localhost-startStop-1] [org.springframework.beans.factory.annotation.AutowiredAnnotationBeanPostProcessor]-[INFO] JSR-330 'javax.inject.Inject' annotation found and supported for autowiring
2018-07-06 19:51:57,820 [localhost-startStop-1] [org.springframework.beans.factory.support.DefaultListableBeanFactory]-[DEBUG] Eagerly caching bean 'org.springframework.context.annotation.internalAutowiredAnnotationProcessor' to allow for resolving potential circular references
2018-07-06 19:51:57,820 [localhost-startStop-1] [org.springframework.beans.factory.support.DefaultListableBeanFactory]-[DEBUG] Finished creating instance of bean 'org.springframework.context.annotation.internalAutowiredAnnotationProcessor'
2018-07-06 19:51:57,820 [localhost-startStop-1] [org.springframework.beans.factory.support.DefaultListableBeanFactory]-[DEBUG] Creating shared instance of singleton bean 'org.springframework.context.annotation.internalRequiredAnnotationProcessor'
2018-07-06 19:51:57,821 [localhost-startStop-1] [org.springframework.beans.factory.support.DefaultListableBeanFactory]-[DEBUG] Creating instance of bean 'org.springframework.context.annotation.internalRequiredAnnotationProcessor'
2018-07-06 19:51:57,821 [localhost-startStop-1] [org.springframework.beans.factory.support.DefaultListableBeanFactory]-[DEBUG] Eagerly caching bean 'org.springframework.context.annotation.internalRequiredAnnotationProcessor' to allow for resolving potential circular references
2018-07-06 19:51:57,821 [localhost-startStop-1] [org.springframework.beans.factory.support.DefaultListableBeanFactory]-[DEBUG] Finished creating instance of bean 'org.springframework.context.annotation.internalRequiredAnnotationProcessor'
2018-07-06 19:51:57,822 [localhost-startStop-1] [org.springframework.beans.factory.support.DefaultListableBeanFactory]-[DEBUG] Creating shared instance of singleton bean 'org.springframework.context.annotation.internalCommonAnnotationProcessor'
2018-07-06 19:51:57,822 [localhost-startStop-1] [org.springframework.beans.factory.support.DefaultListableBeanFactory]-[DEBUG] Creating instance of bean 'org.springframework.context.annotation.internalCommonAnnotationProcessor'
2018-07-06 19:51:57,823 [localhost-startStop-1] [org.springframework.beans.factory.support.DefaultListableBeanFactory]-[DEBUG] Eagerly caching bean 'org.springframework.context.annotation.internalCommonAnnotationProcessor' to allow for resolving potential circular references
2018-07-06 19:51:57,823 [localhost-startStop-1] [org.springframework.beans.factory.support.DefaultListableBeanFactory]-[DEBUG] Finished creating instance of bean 'org.springframework.context.annotation.internalCommonAnnotationProcessor'
2018-07-06 19:51:57,823 [localhost-startStop-1] [org.springframework.beans.factory.support.DefaultListableBeanFactory]-[DEBUG] Creating shared instance of singleton bean 'org.springframework.context.annotation.ConfigurationClassPostProcessor.importAwareProcessor'
2018-07-06 19:51:57,823 [localhost-startStop-1] [org.springframework.beans.factory.support.DefaultListableBeanFactory]-[DEBUG] Creating instance of bean 'org.springframework.context.annotation.ConfigurationClassPostProcessor.importAwareProcessor'
2018-07-06 19:51:57,824 [localhost-startStop-1] [org.springframework.beans.factory.support.DefaultListableBeanFactory]-[DEBUG] Eagerly caching bean 'org.springframework.context.annotation.ConfigurationClassPostProcessor.importAwareProcessor' to allow for resolving potential circular references
2018-07-06 19:51:57,824 [localhost-startStop-1] [org.springframework.beans.factory.support.DefaultListableBeanFactory]-[DEBUG] Finished creating instance of bean 'org.springframework.context.annotation.ConfigurationClassPostProcessor.importAwareProcessor'
2018-07-06 19:51:57,824 [localhost-startStop-1] [org.springframework.beans.factory.support.DefaultListableBeanFactory]-[DEBUG] Creating shared instance of singleton bean 'org.springframework.context.annotation.ConfigurationClassPostProcessor.enhancedConfigurationProcessor'
2018-07-06 19:51:57,824 [localhost-startStop-1] [org.springframework.beans.factory.support.DefaultListableBeanFactory]-[DEBUG] Creating instance of bean 'org.springframework.context.annotation.ConfigurationClassPostProcessor.enhancedConfigurationProcessor'
2018-07-06 19:51:57,824 [localhost-startStop-1] [org.springframework.beans.factory.support.DefaultListableBeanFactory]-[DEBUG] Eagerly caching bean 'org.springframework.context.annotation.ConfigurationClassPostProcessor.enhancedConfigurationProcessor' to allow for resolving potential circular references
2018-07-06 19:51:57,824 [localhost-startStop-1] [org.springframework.beans.factory.support.DefaultListableBeanFactory]-[DEBUG] Finished creating instance of bean 'org.springframework.context.annotation.ConfigurationClassPostProcessor.enhancedConfigurationProcessor'
2018-07-06 19:51:57,824 [localhost-startStop-1] [org.springframework.beans.factory.support.DefaultListableBeanFactory]-[DEBUG] Returning cached instance of singleton bean 'com.alibaba.dubbo.config.spring.AnnotationBean'
2018-07-06 19:51:57,828 [localhost-startStop-1] [org.springframework.web.context.support.XmlWebApplicationContext]-[DEBUG] Unable to locate MessageSource with name 'messageSource': using default [org.springframework.context.support.DelegatingMessageSource@4cfd2c61]
2018-07-06 19:51:57,830 [localhost-startStop-1] [org.springframework.web.context.support.XmlWebApplicationContext]-[DEBUG] Unable to locate ApplicationEventMulticaster with name 'applicationEventMulticaster': using default [org.springframework.context.event.SimpleApplicationEventMulticaster@6ad594bf]
2018-07-06 19:51:57,832 [localhost-startStop-1] [org.springframework.ui.context.support.UiApplicationContextUtils]-[DEBUG] Unable to locate ThemeSource with name 'themeSource': using default [org.springframework.ui.context.support.ResourceBundleThemeSource@515fa59e]
2018-07-06 19:51:57,833 [localhost-startStop-1] [org.springframework.beans.factory.support.DefaultListableBeanFactory]-[DEBUG] Pre-instantiating singletons in org.springframework.beans.factory.support.DefaultListableBeanFactory@4b55e683: defining beans [org.springframework.context.support.PropertySourcesPlaceholderConfigurer#0,dataSource,sqlSessionFactory,org.mybatis.spring.mapper.MapperScannerConfigurer#0,dubbo-service,com.alibaba.dubbo.config.RegistryConfig,com.alibaba.dubbo.config.spring.AnnotationBean,userMapper,org.springframework.context.annotation.internalConfigurationAnnotationProcessor,org.springframework.context.annotation.internalAutowiredAnnotationProcessor,org.springframework.context.annotation.internalRequiredAnnotationProcessor,org.springframework.context.annotation.internalCommonAnnotationProcessor,org.springframework.context.annotation.ConfigurationClassPostProcessor.importAwareProcessor,org.springframework.context.annotation.ConfigurationClassPostProcessor.enhancedConfigurationProcessor,userServiceImpl]; root of factory hierarchy
2018-07-06 19:51:57,833 [localhost-startStop-1] [org.springframework.beans.factory.support.DefaultListableBeanFactory]-[DEBUG] Returning cached instance of singleton bean 'org.springframework.context.support.PropertySourcesPlaceholderConfigurer#0'
2018-07-06 19:51:57,833 [localhost-startStop-1] [org.springframework.beans.factory.support.DefaultListableBeanFactory]-[DEBUG] Creating shared instance of singleton bean 'dataSource'
2018-07-06 19:51:57,833 [localhost-startStop-1] [org.springframework.beans.factory.support.DefaultListableBeanFactory]-[DEBUG] Creating instance of bean 'dataSource'
2018-07-06 19:51:57,859 [localhost-startStop-1] [org.springframework.beans.factory.support.DefaultListableBeanFactory]-[DEBUG] Eagerly caching bean 'dataSource' to allow for resolving potential circular references
2018-07-06 19:51:57,895 [localhost-startStop-1] [org.springframework.beans.factory.support.DefaultListableBeanFactory]-[DEBUG] Finished creating instance of bean 'dataSource'
2018-07-06 19:51:57,895 [localhost-startStop-1] [org.springframework.beans.factory.support.DefaultListableBeanFactory]-[DEBUG] Creating shared instance of singleton bean 'sqlSessionFactory'
2018-07-06 19:51:57,895 [localhost-startStop-1] [org.springframework.beans.factory.support.DefaultListableBeanFactory]-[DEBUG] Creating instance of bean 'sqlSessionFactory'
2018-07-06 19:51:57,911 [localhost-startStop-1] [org.apache.ibatis.logging.LogFactory]-[DEBUG] Logging initialized using 'class org.apache.ibatis.logging.slf4j.Slf4jImpl' adapter.
2018-07-06 19:51:57,914 [localhost-startStop-1] [org.springframework.beans.factory.support.DefaultListableBeanFactory]-[DEBUG] Eagerly caching bean 'sqlSessionFactory' to allow for resolving potential circular references
2018-07-06 19:51:57,919 [localhost-startStop-1] [org.springframework.beans.factory.support.DefaultListableBeanFactory]-[DEBUG] Returning cached instance of singleton bean 'dataSource'
2018-07-06 19:51:57,923 [localhost-startStop-1] [org.springframework.beans.factory.support.DefaultListableBeanFactory]-[DEBUG] Invoking afterPropertiesSet() on bean with name 'sqlSessionFactory'
2018-07-06 19:51:57,995 [localhost-startStop-1] [org.mybatis.spring.SqlSessionFactoryBean]-[DEBUG] Parsed configuration file: 'class path resource [mybatis/SqlMapConfig.xml]'
2018-07-06 19:51:57,997 [localhost-startStop-1] [org.mybatis.spring.SqlSessionFactoryBean]-[DEBUG] Property 'mapperLocations' was not specified or no matching resources found
2018-07-06 19:51:57,998 [localhost-startStop-1] [org.springframework.beans.factory.support.DefaultListableBeanFactory]-[DEBUG] Finished creating instance of bean 'sqlSessionFactory'
2018-07-06 19:51:57,999 [localhost-startStop-1] [org.springframework.beans.factory.support.DefaultListableBeanFactory]-[DEBUG] Returning cached instance of singleton bean 'org.mybatis.spring.mapper.MapperScannerConfigurer#0'
2018-07-06 19:51:57,999 [localhost-startStop-1] [org.springframework.beans.factory.support.DefaultListableBeanFactory]-[DEBUG] Creating shared instance of singleton bean 'dubbo-service'
2018-07-06 19:51:57,999 [localhost-startStop-1] [org.springframework.beans.factory.support.DefaultListableBeanFactory]-[DEBUG] Creating instance of bean 'dubbo-service'
2018-07-06 19:51:58,000 [localhost-startStop-1] [org.springframework.beans.factory.support.DefaultListableBeanFactory]-[DEBUG] Eagerly caching bean 'dubbo-service' to allow for resolving potential circular references
2018-07-06 19:51:58,004 [localhost-startStop-1] [org.springframework.beans.factory.support.DefaultListableBeanFactory]-[DEBUG] Finished creating instance of bean 'dubbo-service'
2018-07-06 19:51:58,005 [localhost-startStop-1] [org.springframework.beans.factory.support.DefaultListableBeanFactory]-[DEBUG] Creating shared instance of singleton bean 'com.alibaba.dubbo.config.RegistryConfig'
2018-07-06 19:51:58,005 [localhost-startStop-1] [org.springframework.beans.factory.support.DefaultListableBeanFactory]-[DEBUG] Creating instance of bean 'com.alibaba.dubbo.config.RegistryConfig'
2018-07-06 19:51:58,006 [localhost-startStop-1] [org.springframework.beans.factory.support.DefaultListableBeanFactory]-[DEBUG] Eagerly caching bean 'com.alibaba.dubbo.config.RegistryConfig' to allow for resolving potential circular references
2018-07-06 19:51:58,010 [localhost-startStop-1] [org.springframework.beans.factory.support.DefaultListableBeanFactory]-[DEBUG] Finished creating instance of bean 'com.alibaba.dubbo.config.RegistryConfig'
2018-07-06 19:51:58,010 [localhost-startStop-1] [org.springframework.beans.factory.support.DefaultListableBeanFactory]-[DEBUG] Returning cached instance of singleton bean 'com.alibaba.dubbo.config.spring.AnnotationBean'
2018-07-06 19:51:58,010 [localhost-startStop-1] [org.springframework.beans.factory.support.DefaultListableBeanFactory]-[DEBUG] Creating shared instance of singleton bean 'userMapper'
2018-07-06 19:51:58,010 [localhost-startStop-1] [org.springframework.beans.factory.support.DefaultListableBeanFactory]-[DEBUG] Creating instance of bean 'userMapper'
2018-07-06 19:51:58,011 [localhost-startStop-1] [org.springframework.beans.factory.support.DefaultListableBeanFactory]-[DEBUG] Eagerly caching bean 'userMapper' to allow for resolving potential circular references
2018-07-06 19:51:58,022 [localhost-startStop-1] [org.springframework.beans.factory.support.DefaultListableBeanFactory]-[DEBUG] Returning cached instance of singleton bean 'sqlSessionFactory'
2018-07-06 19:51:58,030 [localhost-startStop-1] [org.springframework.beans.factory.support.DefaultListableBeanFactory]-[DEBUG] Invoking afterPropertiesSet() on bean with name 'userMapper'
2018-07-06 19:51:58,100 [localhost-startStop-1] [org.springframework.beans.factory.support.DefaultListableBeanFactory]-[DEBUG] Finished creating instance of bean 'userMapper'
2018-07-06 19:51:58,100 [localhost-startStop-1] [org.springframework.beans.factory.support.DefaultListableBeanFactory]-[DEBUG] Returning cached instance of singleton bean 'org.springframework.context.annotation.internalConfigurationAnnotationProcessor'
2018-07-06 19:51:58,100 [localhost-startStop-1] [org.springframework.beans.factory.support.DefaultListableBeanFactory]-[DEBUG] Returning cached instance of singleton bean 'org.springframework.context.annotation.internalAutowiredAnnotationProcessor'
2018-07-06 19:51:58,101 [localhost-startStop-1] [org.springframework.beans.factory.support.DefaultListableBeanFactory]-[DEBUG] Returning cached instance of singleton bean 'org.springframework.context.annotation.internalRequiredAnnotationProcessor'
2018-07-06 19:51:58,101 [localhost-startStop-1] [org.springframework.beans.factory.support.DefaultListableBeanFactory]-[DEBUG] Returning cached instance of singleton bean 'org.springframework.context.annotation.internalCommonAnnotationProcessor'
2018-07-06 19:51:58,101 [localhost-startStop-1] [org.springframework.beans.factory.support.DefaultListableBeanFactory]-[DEBUG] Returning cached instance of singleton bean 'org.springframework.context.annotation.ConfigurationClassPostProcessor.importAwareProcessor'
2018-07-06 19:51:58,101 [localhost-startStop-1] [org.springframework.beans.factory.support.DefaultListableBeanFactory]-[DEBUG] Returning cached instance of singleton bean 'org.springframework.context.annotation.ConfigurationClassPostProcessor.enhancedConfigurationProcessor'
2018-07-06 19:51:58,101 [localhost-startStop-1] [org.springframework.beans.factory.support.DefaultListableBeanFactory]-[DEBUG] Creating shared instance of singleton bean 'userServiceImpl'
2018-07-06 19:51:58,101 [localhost-startStop-1] [org.springframework.beans.factory.support.DefaultListableBeanFactory]-[DEBUG] Creating instance of bean 'userServiceImpl'
2018-07-06 19:51:58,104 [localhost-startStop-1] [org.springframework.beans.factory.annotation.InjectionMetadata]-[DEBUG] Registered injected element on class [com.cdinit.service.impl.UserServiceImpl]: AutowiredFieldElement for private com.cdinit.mapper.UserMapper com.cdinit.service.impl.UserServiceImpl.userMapper
2018-07-06 19:51:58,104 [localhost-startStop-1] [org.springframework.beans.factory.support.DefaultListableBeanFactory]-[DEBUG] Eagerly caching bean 'userServiceImpl' to allow for resolving potential circular references
2018-07-06 19:51:58,106 [localhost-startStop-1] [org.springframework.beans.factory.annotation.InjectionMetadata]-[DEBUG] Processing injected method of bean 'userServiceImpl': AutowiredFieldElement for private com.cdinit.mapper.UserMapper com.cdinit.service.impl.UserServiceImpl.userMapper
2018-07-06 19:51:58,109 [localhost-startStop-1] [org.springframework.beans.factory.support.DefaultListableBeanFactory]-[DEBUG] Returning cached instance of singleton bean 'userMapper'
2018-07-06 19:51:58,110 [localhost-startStop-1] [org.springframework.beans.factory.annotation.AutowiredAnnotationBeanPostProcessor]-[DEBUG] Autowiring by type from bean name 'userServiceImpl' to bean named 'userMapper'
2018-07-06 19:51:58,164 [localhost-startStop-1] [com.alibaba.dubbo.common.extension.ExtensionLoader]-[DEBUG]  [DUBBO] package com.alibaba.dubbo.rpc;
import com.alibaba.dubbo.common.extension.ExtensionLoader;
public class Protocol$Adpative implements com.alibaba.dubbo.rpc.Protocol {
public void destroy() {throw new UnsupportedOperationException("method public abstract void com.alibaba.dubbo.rpc.Protocol.destroy() of interface com.alibaba.dubbo.rpc.Protocol is not adaptive method!");
}
public int getDefaultPort() {throw new UnsupportedOperationException("method public abstract int com.alibaba.dubbo.rpc.Protocol.getDefaultPort() of interface com.alibaba.dubbo.rpc.Protocol is not adaptive method!");
}
public com.alibaba.dubbo.rpc.Invoker refer(java.lang.Class arg0, com.alibaba.dubbo.common.URL arg1) throws java.lang.Class {
if (arg1 == null) throw new IllegalArgumentException("url == null");
com.alibaba.dubbo.common.URL url = arg1;
String extName = ( url.getProtocol() == null ? "dubbo" : url.getProtocol() );
if(extName == null) throw new IllegalStateException("Fail to get extension(com.alibaba.dubbo.rpc.Protocol) name from url(" + url.toString() + ") use keys([protocol])");
com.alibaba.dubbo.rpc.Protocol extension = (com.alibaba.dubbo.rpc.Protocol)ExtensionLoader.getExtensionLoader(com.alibaba.dubbo.rpc.Protocol.class).getExtension(extName);
return extension.refer(arg0, arg1);
}
public com.alibaba.dubbo.rpc.Exporter export(com.alibaba.dubbo.rpc.Invoker arg0) throws com.alibaba.dubbo.rpc.Invoker {
if (arg0 == null) throw new IllegalArgumentException("com.alibaba.dubbo.rpc.Invoker argument == null");
if (arg0.getUrl() == null) throw new IllegalArgumentException("com.alibaba.dubbo.rpc.Invoker argument getUrl() == null");com.alibaba.dubbo.common.URL url = arg0.getUrl();
String extName = ( url.getProtocol() == null ? "dubbo" : url.getProtocol() );
if(extName == null) throw new IllegalStateException("Fail to get extension(com.alibaba.dubbo.rpc.Protocol) name from url(" + url.toString() + ") use keys([protocol])");
com.alibaba.dubbo.rpc.Protocol extension = (com.alibaba.dubbo.rpc.Protocol)ExtensionLoader.getExtensionLoader(com.alibaba.dubbo.rpc.Protocol.class).getExtension(extName);
return extension.export(arg0);
}
}, dubbo version: 2.5.3, current host: 127.0.0.1
2018-07-06 19:51:58,366 [localhost-startStop-1] [com.alibaba.dubbo.common.extension.ExtensionLoader]-[DEBUG]  [DUBBO] package com.alibaba.dubbo.rpc;
import com.alibaba.dubbo.common.extension.ExtensionLoader;
public class ProxyFactory$Adpative implements com.alibaba.dubbo.rpc.ProxyFactory {
public java.lang.Object getProxy(com.alibaba.dubbo.rpc.Invoker arg0) throws com.alibaba.dubbo.rpc.Invoker {
if (arg0 == null) throw new IllegalArgumentException("com.alibaba.dubbo.rpc.Invoker argument == null");
if (arg0.getUrl() == null) throw new IllegalArgumentException("com.alibaba.dubbo.rpc.Invoker argument getUrl() == null");com.alibaba.dubbo.common.URL url = arg0.getUrl();
String extName = url.getParameter("proxy", "javassist");
if(extName == null) throw new IllegalStateException("Fail to get extension(com.alibaba.dubbo.rpc.ProxyFactory) name from url(" + url.toString() + ") use keys([proxy])");
com.alibaba.dubbo.rpc.ProxyFactory extension = (com.alibaba.dubbo.rpc.ProxyFactory)ExtensionLoader.getExtensionLoader(com.alibaba.dubbo.rpc.ProxyFactory.class).getExtension(extName);
return extension.getProxy(arg0);
}
public com.alibaba.dubbo.rpc.Invoker getInvoker(java.lang.Object arg0, java.lang.Class arg1, com.alibaba.dubbo.common.URL arg2) throws java.lang.Object {
if (arg2 == null) throw new IllegalArgumentException("url == null");
com.alibaba.dubbo.common.URL url = arg2;
String extName = url.getParameter("proxy", "javassist");
if(extName == null) throw new IllegalStateException("Fail to get extension(com.alibaba.dubbo.rpc.ProxyFactory) name from url(" + url.toString() + ") use keys([proxy])");
com.alibaba.dubbo.rpc.ProxyFactory extension = (com.alibaba.dubbo.rpc.ProxyFactory)ExtensionLoader.getExtensionLoader(com.alibaba.dubbo.rpc.ProxyFactory.class).getExtension(extName);
return extension.getInvoker(arg0, arg1, arg2);
}
}, dubbo version: 2.5.3, current host: 127.0.0.1
2018-07-06 19:51:58,380 [localhost-startStop-1] [org.springframework.beans.factory.support.DefaultListableBeanFactory]-[DEBUG] Returning cached instance of singleton bean 'dubbo-service'
2018-07-06 19:51:58,381 [localhost-startStop-1] [org.springframework.beans.factory.support.DefaultListableBeanFactory]-[DEBUG] Returning cached instance of singleton bean 'com.alibaba.dubbo.config.RegistryConfig'
2018-07-06 19:51:58,461 [localhost-startStop-1] [com.alibaba.dubbo.common.extension.ExtensionLoader]-[DEBUG]  [DUBBO] package com.alibaba.dubbo.cache;
import com.alibaba.dubbo.common.extension.ExtensionLoader;
public class CacheFactory$Adpative implements com.alibaba.dubbo.cache.CacheFactory {
public com.alibaba.dubbo.cache.Cache getCache(com.alibaba.dubbo.common.URL arg0) {
if (arg0 == null) throw new IllegalArgumentException("url == null");
com.alibaba.dubbo.common.URL url = arg0;
String extName = url.getParameter("cache", "lru");
if(extName == null) throw new IllegalStateException("Fail to get extension(com.alibaba.dubbo.cache.CacheFactory) name from url(" + url.toString() + ") use keys([cache])");
com.alibaba.dubbo.cache.CacheFactory extension = (com.alibaba.dubbo.cache.CacheFactory)ExtensionLoader.getExtensionLoader(com.alibaba.dubbo.cache.CacheFactory.class).getExtension(extName);
return extension.getCache(arg0);
}
}, dubbo version: 2.5.3, current host: 127.0.0.1
2018-07-06 19:51:58,469 [localhost-startStop-1] [com.alibaba.dubbo.common.extension.ExtensionLoader]-[DEBUG]  [DUBBO] package com.alibaba.dubbo.monitor;
import com.alibaba.dubbo.common.extension.ExtensionLoader;
public class MonitorFactory$Adpative implements com.alibaba.dubbo.monitor.MonitorFactory {
public com.alibaba.dubbo.monitor.Monitor getMonitor(com.alibaba.dubbo.common.URL arg0) {
if (arg0 == null) throw new IllegalArgumentException("url == null");
com.alibaba.dubbo.common.URL url = arg0;
String extName = ( url.getProtocol() == null ? "dubbo" : url.getProtocol() );
if(extName == null) throw new IllegalStateException("Fail to get extension(com.alibaba.dubbo.monitor.MonitorFactory) name from url(" + url.toString() + ") use keys([protocol])");
com.alibaba.dubbo.monitor.MonitorFactory extension = (com.alibaba.dubbo.monitor.MonitorFactory)ExtensionLoader.getExtensionLoader(com.alibaba.dubbo.monitor.MonitorFactory.class).getExtension(extName);
return extension.getMonitor(arg0);
}
}, dubbo version: 2.5.3, current host: 127.0.0.1
2018-07-06 19:51:58,478 [localhost-startStop-1] [com.alibaba.dubbo.common.extension.ExtensionLoader]-[DEBUG]  [DUBBO] package com.alibaba.dubbo.validation;
import com.alibaba.dubbo.common.extension.ExtensionLoader;
public class Validation$Adpative implements com.alibaba.dubbo.validation.Validation {
public com.alibaba.dubbo.validation.Validator getValidator(com.alibaba.dubbo.common.URL arg0) {
if (arg0 == null) throw new IllegalArgumentException("url == null");
com.alibaba.dubbo.common.URL url = arg0;
String extName = url.getParameter("validation", "jvalidation");
if(extName == null) throw new IllegalStateException("Fail to get extension(com.alibaba.dubbo.validation.Validation) name from url(" + url.toString() + ") use keys([validation])");
com.alibaba.dubbo.validation.Validation extension = (com.alibaba.dubbo.validation.Validation)ExtensionLoader.getExtensionLoader(com.alibaba.dubbo.validation.Validation.class).getExtension(extName);
return extension.getValidator(arg0);
}
}, dubbo version: 2.5.3, current host: 127.0.0.1
2018-07-06 19:51:58,485 [localhost-startStop-1] [com.alibaba.dubbo.config.AbstractConfig]-[INFO]  [DUBBO] Export dubbo service com.cdinit.service.UserService to local registry, dubbo version: 2.5.3, current host: 127.0.0.1
2018-07-06 19:51:58,485 [localhost-startStop-1] [com.alibaba.dubbo.config.AbstractConfig]-[INFO]  [DUBBO] Export dubbo service com.cdinit.service.UserService to url dubbo://192.168.1.16:20880/com.cdinit.service.UserService?anyhost=true&application=dubbo-service&dubbo=2.5.3&interface=com.cdinit.service.UserService&methods=list&pid=20248&revision=0.0.1-SNAPSHOT&side=provider&timestamp=1530877918414, dubbo version: 2.5.3, current host: 127.0.0.1
2018-07-06 19:51:58,486 [localhost-startStop-1] [com.alibaba.dubbo.config.AbstractConfig]-[INFO]  [DUBBO] Register dubbo service com.cdinit.service.UserService url dubbo://192.168.1.16:20880/com.cdinit.service.UserService?anyhost=true&application=dubbo-service&dubbo=2.5.3&interface=com.cdinit.service.UserService&methods=list&pid=20248&revision=0.0.1-SNAPSHOT&side=provider&timestamp=1530877918414 to registry registry://58.87.121.128:2181/com.alibaba.dubbo.registry.RegistryService?application=dubbo-service&dubbo=2.5.3&pid=20248&registry=zookeeper&timestamp=1530877918389, dubbo version: 2.5.3, current host: 127.0.0.1
2018-07-06 19:51:58,490 [localhost-startStop-1] [com.alibaba.dubbo.common.extension.ExtensionLoader]-[DEBUG]  [DUBBO] package com.alibaba.dubbo.rpc.cluster;
import com.alibaba.dubbo.common.extension.ExtensionLoader;
public class Cluster$Adpative implements com.alibaba.dubbo.rpc.cluster.Cluster {
public com.alibaba.dubbo.rpc.Invoker join(com.alibaba.dubbo.rpc.cluster.Directory arg0) throws com.alibaba.dubbo.rpc.cluster.Directory {
if (arg0 == null) throw new IllegalArgumentException("com.alibaba.dubbo.rpc.cluster.Directory argument == null");
if (arg0.getUrl() == null) throw new IllegalArgumentException("com.alibaba.dubbo.rpc.cluster.Directory argument getUrl() == null");com.alibaba.dubbo.common.URL url = arg0.getUrl();
String extName = url.getParameter("cluster", "failover");
if(extName == null) throw new IllegalStateException("Fail to get extension(com.alibaba.dubbo.rpc.cluster.Cluster) name from url(" + url.toString() + ") use keys([cluster])");
com.alibaba.dubbo.rpc.cluster.Cluster extension = (com.alibaba.dubbo.rpc.cluster.Cluster)ExtensionLoader.getExtensionLoader(com.alibaba.dubbo.rpc.cluster.Cluster.class).getExtension(extName);
return extension.join(arg0);
}
}, dubbo version: 2.5.3, current host: 127.0.0.1
2018-07-06 19:51:58,498 [localhost-startStop-1] [com.alibaba.dubbo.common.extension.ExtensionLoader]-[DEBUG]  [DUBBO] package com.alibaba.dubbo.registry;
import com.alibaba.dubbo.common.extension.ExtensionLoader;
public class RegistryFactory$Adpative implements com.alibaba.dubbo.registry.RegistryFactory {
public com.alibaba.dubbo.registry.Registry getRegistry(com.alibaba.dubbo.common.URL arg0) {
if (arg0 == null) throw new IllegalArgumentException("url == null");
com.alibaba.dubbo.common.URL url = arg0;
String extName = ( url.getProtocol() == null ? "dubbo" : url.getProtocol() );
if(extName == null) throw new IllegalStateException("Fail to get extension(com.alibaba.dubbo.registry.RegistryFactory) name from url(" + url.toString() + ") use keys([protocol])");
com.alibaba.dubbo.registry.RegistryFactory extension = (com.alibaba.dubbo.registry.RegistryFactory)ExtensionLoader.getExtensionLoader(com.alibaba.dubbo.registry.RegistryFactory.class).getExtension(extName);
return extension.getRegistry(arg0);
}
}, dubbo version: 2.5.3, current host: 127.0.0.1
2018-07-06 19:51:58,521 [localhost-startStop-1] [com.alibaba.dubbo.common.extension.ExtensionLoader]-[DEBUG]  [DUBBO] package com.alibaba.dubbo.remoting;
import com.alibaba.dubbo.common.extension.ExtensionLoader;
public class Transporter$Adpative implements com.alibaba.dubbo.remoting.Transporter {
public com.alibaba.dubbo.remoting.Client connect(com.alibaba.dubbo.common.URL arg0, com.alibaba.dubbo.remoting.ChannelHandler arg1) throws com.alibaba.dubbo.common.URL {
if (arg0 == null) throw new IllegalArgumentException("url == null");
com.alibaba.dubbo.common.URL url = arg0;
String extName = url.getParameter("client", url.getParameter("transporter", "netty"));
if(extName == null) throw new IllegalStateException("Fail to get extension(com.alibaba.dubbo.remoting.Transporter) name from url(" + url.toString() + ") use keys([client, transporter])");
com.alibaba.dubbo.remoting.Transporter extension = (com.alibaba.dubbo.remoting.Transporter)ExtensionLoader.getExtensionLoader(com.alibaba.dubbo.remoting.Transporter.class).getExtension(extName);
return extension.connect(arg0, arg1);
}
public com.alibaba.dubbo.remoting.Server bind(com.alibaba.dubbo.common.URL arg0, com.alibaba.dubbo.remoting.ChannelHandler arg1) throws com.alibaba.dubbo.common.URL {
if (arg0 == null) throw new IllegalArgumentException("url == null");
com.alibaba.dubbo.common.URL url = arg0;
String extName = url.getParameter("server", url.getParameter("transporter", "netty"));
if(extName == null) throw new IllegalStateException("Fail to get extension(com.alibaba.dubbo.remoting.Transporter) name from url(" + url.toString() + ") use keys([server, transporter])");
com.alibaba.dubbo.remoting.Transporter extension = (com.alibaba.dubbo.remoting.Transporter)ExtensionLoader.getExtensionLoader(com.alibaba.dubbo.remoting.Transporter.class).getExtension(extName);
return extension.bind(arg0, arg1);
}
}, dubbo version: 2.5.3, current host: 127.0.0.1
2018-07-06 19:51:58,541 [localhost-startStop-1] [com.alibaba.dubbo.common.extension.ExtensionLoader]-[DEBUG]  [DUBBO] package com.alibaba.dubbo.remoting;
import com.alibaba.dubbo.common.extension.ExtensionLoader;
public class Dispatcher$Adpative implements com.alibaba.dubbo.remoting.Dispatcher {
public com.alibaba.dubbo.remoting.ChannelHandler dispatch(com.alibaba.dubbo.remoting.ChannelHandler arg0, com.alibaba.dubbo.common.URL arg1) {
if (arg1 == null) throw new IllegalArgumentException("url == null");
com.alibaba.dubbo.common.URL url = arg1;
String extName = url.getParameter("dispatcher", url.getParameter("dispather", url.getParameter("channel.handler", "all")));
if(extName == null) throw new IllegalStateException("Fail to get extension(com.alibaba.dubbo.remoting.Dispatcher) name from url(" + url.toString() + ") use keys([dispatcher, dispather, channel.handler])");
com.alibaba.dubbo.remoting.Dispatcher extension = (com.alibaba.dubbo.remoting.Dispatcher)ExtensionLoader.getExtensionLoader(com.alibaba.dubbo.remoting.Dispatcher.class).getExtension(extName);
return extension.dispatch(arg0, arg1);
}
}, dubbo version: 2.5.3, current host: 127.0.0.1
2018-07-06 19:51:58,553 [localhost-startStop-1] [com.alibaba.dubbo.common.extension.ExtensionLoader]-[DEBUG]  [DUBBO] package com.alibaba.dubbo.common.threadpool;
import com.alibaba.dubbo.common.extension.ExtensionLoader;
public class ThreadPool$Adpative implements com.alibaba.dubbo.common.threadpool.ThreadPool {
public java.util.concurrent.Executor getExecutor(com.alibaba.dubbo.common.URL arg0) {
if (arg0 == null) throw new IllegalArgumentException("url == null");
com.alibaba.dubbo.common.URL url = arg0;
String extName = url.getParameter("threadpool", "fixed");
if(extName == null) throw new IllegalStateException("Fail to get extension(com.alibaba.dubbo.common.threadpool.ThreadPool) name from url(" + url.toString() + ") use keys([threadpool])");
com.alibaba.dubbo.common.threadpool.ThreadPool extension = (com.alibaba.dubbo.common.threadpool.ThreadPool)ExtensionLoader.getExtensionLoader(com.alibaba.dubbo.common.threadpool.ThreadPool.class).getExtension(extName);
return extension.getExecutor(arg0);
}
}, dubbo version: 2.5.3, current host: 127.0.0.1
2018-07-06 19:51:58,591 [localhost-startStop-1] [org.jboss.netty.channel.socket.nio.SelectorUtil]-[DEBUG]  [DUBBO] Using select timeout of 500, dubbo version: 2.5.3, current host: 127.0.0.1
2018-07-06 19:51:58,591 [localhost-startStop-1] [org.jboss.netty.channel.socket.nio.SelectorUtil]-[DEBUG]  [DUBBO] Epoll-bug workaround enabled = false, dubbo version: 2.5.3, current host: 127.0.0.1
2018-07-06 19:51:58,663 [localhost-startStop-1] [com.alibaba.dubbo.remoting.transport.AbstractServer]-[INFO]  [DUBBO] Start NettyServer bind /0.0.0.0:20880, export /192.168.1.16:20880, dubbo version: 2.5.3, current host: 127.0.0.1
2018-07-06 19:51:58,667 [localhost-startStop-1] [com.alibaba.dubbo.common.extension.ExtensionLoader]-[DEBUG]  [DUBBO] package com.alibaba.dubbo.remoting.zookeeper;
import com.alibaba.dubbo.common.extension.ExtensionLoader;
public class ZookeeperTransporter$Adpative implements com.alibaba.dubbo.remoting.zookeeper.ZookeeperTransporter {
public com.alibaba.dubbo.remoting.zookeeper.ZookeeperClient connect(com.alibaba.dubbo.common.URL arg0) {
if (arg0 == null) throw new IllegalArgumentException("url == null");
com.alibaba.dubbo.common.URL url = arg0;
String extName = url.getParameter("client", url.getParameter("transporter", "zkclient"));
if(extName == null) throw new IllegalStateException("Fail to get extension(com.alibaba.dubbo.remoting.zookeeper.ZookeeperTransporter) name from url(" + url.toString() + ") use keys([client, transporter])");
com.alibaba.dubbo.remoting.zookeeper.ZookeeperTransporter extension = (com.alibaba.dubbo.remoting.zookeeper.ZookeeperTransporter)ExtensionLoader.getExtensionLoader(com.alibaba.dubbo.remoting.zookeeper.ZookeeperTransporter.class).getExtension(extName);
return extension.connect(arg0);
}
}, dubbo version: 2.5.3, current host: 127.0.0.1
2018-07-06 19:51:58,684 [localhost-startStop-1] [com.alibaba.dubbo.registry.zookeeper.ZookeeperRegistry]-[INFO]  [DUBBO] Load registry store file C:\Users\sun\.dubbo\dubbo-registry-58.87.121.128.cache, data: {com.cdinit.service.UserService=empty://192.168.1.16/com.cdinit.service.UserService?application=dubbo-web&category=configurators&dubbo=2.5.3&interface=com.cdinit.service.UserService&methods=list&pid=18792&revision=0.0.1-SNAPSHOT&side=consumer&timestamp=1530877595516 empty://192.168.1.16/com.cdinit.service.UserService?application=dubbo-web&category=routers&dubbo=2.5.3&interface=com.cdinit.service.UserService&methods=list&pid=18792&revision=0.0.1-SNAPSHOT&side=consumer&timestamp=1530877595516 dubbo://192.168.1.16:20880/com.cdinit.service.UserService?anyhost=true&application=dubbo-service&dubbo=2.5.3&interface=com.cdinit.service.UserService&methods=list&pid=22744&revision=0.0.1-SNAPSHOT&side=provider&timestamp=1530877584591}, dubbo version: 2.5.3, current host: 127.0.0.1
2018-07-06 19:51:58,698 [localhost-startStop-1] [org.I0Itec.zkclient.ZkConnection]-[DEBUG] Creating new ZookKeeper instance to connect to 58.87.121.128:2181.
2018-07-06 19:51:58,698 [ZkClient-EventThread-29-58.87.121.128:2181] [org.I0Itec.zkclient.ZkEventThread]-[INFO] Starting ZkClient event thread.
2018-07-06 19:51:58,708 [localhost-startStop-1] [org.apache.zookeeper.ZooKeeper]-[INFO] Client environment:zookeeper.version=3.4.6-1569965, built on 02/20/2014 09:09 GMT
2018-07-06 19:51:58,708 [localhost-startStop-1] [org.apache.zookeeper.ZooKeeper]-[INFO] Client environment:host.name=DESKTOP-FS57JDE
2018-07-06 19:51:58,708 [localhost-startStop-1] [org.apache.zookeeper.ZooKeeper]-[INFO] Client environment:java.version=1.8.0_161
2018-07-06 19:51:58,708 [localhost-startStop-1] [org.apache.zookeeper.ZooKeeper]-[INFO] Client environment:java.vendor=Oracle Corporation
2018-07-06 19:51:58,708 [localhost-startStop-1] [org.apache.zookeeper.ZooKeeper]-[INFO] Client environment:java.home=D:\JavaEvn\jdk1.8.0_161\jre
2018-07-06 19:51:58,708 [localhost-startStop-1] [org.apache.zookeeper.ZooKeeper]-[INFO] Client environment:java.class.path=D:\JavaEvn\apache-maven-3.5.0\boot\plexus-classworlds-2.5.2.jar
2018-07-06 19:51:58,708 [localhost-startStop-1] [org.apache.zookeeper.ZooKeeper]-[INFO] Client environment:java.library.path=D:\JavaEvn\jdk1.8.0_161\bin;C:\WINDOWS\Sun\Java\bin;C:\WINDOWS\system32;C:\WINDOWS;C:\ProgramData\Oracle\Java\javapath;C:\Program Files (x86)\Intel\Intel(R) Management Engine Components\iCLS\;C:\Program Files\Intel\Intel(R) Management Engine Components\iCLS\;C:\Windows\system32;C:\Windows;C:\Windows\System32\Wbem;C:\Windows\System32\WindowsPowerShell\v1.0\;C:\Program Files (x86)\Intel\Intel(R) Management Engine Components\DAL;C:\Program Files\Intel\Intel(R) Management Engine Components\DAL;C:\Program Files (x86)\Intel\Intel(R) Management Engine Components\IPT;C:\Program Files\Intel\Intel(R) Management Engine Components\IPT;C:\Program Files (x86)\NVIDIA Corporation\PhysX\Common;D:\JavaEvn\jdk1.8.0_161\bin;D:\Program Files\Git\cmd;D:\JavaEvn\apache-maven-3.5.0\bin;;C:\WINDOWS\system32;C:\WINDOWS;C:\WINDOWS\System32\Wbem;C:\WINDOWS\System32\WindowsPowerShell\v1.0\;C:\WINDOWS\System32\OpenSSH\;D:\Program Files\nodejs\;C:\Users\sun\AppData\Local\Microsoft\WindowsApps;D:\Program Files\Microsoft VS Code\bin;D:\JavaEvn\apache-maven-3.5.0\bin;C:\Users\sun\AppData\Roaming\npm;.
2018-07-06 19:51:58,709 [localhost-startStop-1] [org.apache.zookeeper.ZooKeeper]-[INFO] Client environment:java.io.tmpdir=C:\Users\sun\AppData\Local\Temp\
2018-07-06 19:51:58,709 [localhost-startStop-1] [org.apache.zookeeper.ZooKeeper]-[INFO] Client environment:java.compiler=<NA>
2018-07-06 19:51:58,709 [localhost-startStop-1] [org.apache.zookeeper.ZooKeeper]-[INFO] Client environment:os.name=Windows 10
2018-07-06 19:51:58,709 [localhost-startStop-1] [org.apache.zookeeper.ZooKeeper]-[INFO] Client environment:os.arch=amd64
2018-07-06 19:51:58,709 [localhost-startStop-1] [org.apache.zookeeper.ZooKeeper]-[INFO] Client environment:os.version=10.0
2018-07-06 19:51:58,709 [localhost-startStop-1] [org.apache.zookeeper.ZooKeeper]-[INFO] Client environment:user.name=sun
2018-07-06 19:51:58,709 [localhost-startStop-1] [org.apache.zookeeper.ZooKeeper]-[INFO] Client environment:user.home=C:\Users\sun
2018-07-06 19:51:58,710 [localhost-startStop-1] [org.apache.zookeeper.ZooKeeper]-[INFO] Client environment:user.dir=D:\EclipseWorkSpace\dubbo-parent\dubbo-service
2018-07-06 19:51:58,710 [localhost-startStop-1] [org.apache.zookeeper.ZooKeeper]-[INFO] Initiating client connection, connectString=58.87.121.128:2181 sessionTimeout=30000 watcher=org.I0Itec.zkclient.ZkClient@23a6153d
2018-07-06 19:51:58,713 [localhost-startStop-1] [org.apache.zookeeper.ClientCnxn]-[DEBUG] zookeeper.disableAutoWatchReset is false
2018-07-06 19:51:58,725 [localhost-startStop-1] [org.I0Itec.zkclient.ZkClient]-[DEBUG] Awaiting connection to Zookeeper server
2018-07-06 19:51:58,726 [localhost-startStop-1] [org.I0Itec.zkclient.ZkClient]-[DEBUG] Waiting for keeper state SyncConnected
2018-07-06 19:51:58,731 [localhost-startStop-1-SendThread(58.87.121.128:2181)] [org.apache.zookeeper.ClientCnxn]-[INFO] Opening socket connection to server 58.87.121.128/58.87.121.128:2181. Will not attempt to authenticate using SASL (unknown error)
2018-07-06 19:51:58,826 [localhost-startStop-1-SendThread(58.87.121.128:2181)] [org.apache.zookeeper.ClientCnxn]-[INFO] Socket connection established to 58.87.121.128/58.87.121.128:2181, initiating session
2018-07-06 19:51:58,828 [localhost-startStop-1-SendThread(58.87.121.128:2181)] [org.apache.zookeeper.ClientCnxn]-[DEBUG] Session establishment request sent on 58.87.121.128/58.87.121.128:2181
2018-07-06 19:51:58,918 [localhost-startStop-1-SendThread(58.87.121.128:2181)] [org.apache.zookeeper.ClientCnxn]-[INFO] Session establishment complete on server 58.87.121.128/58.87.121.128:2181, sessionid = 0x1000fa112f3000a, negotiated timeout = 30000
2018-07-06 19:51:58,920 [localhost-startStop-1-EventThread] [org.I0Itec.zkclient.ZkClient]-[DEBUG] Received event: WatchedEvent state:SyncConnected type:None path:null
2018-07-06 19:51:58,920 [localhost-startStop-1-EventThread] [org.I0Itec.zkclient.ZkClient]-[INFO] zookeeper state changed (SyncConnected)
2018-07-06 19:51:58,920 [localhost-startStop-1-EventThread] [org.I0Itec.zkclient.ZkClient]-[DEBUG] Leaving process event
2018-07-06 19:51:58,920 [localhost-startStop-1] [org.I0Itec.zkclient.ZkClient]-[DEBUG] State is SyncConnected
2018-07-06 19:51:58,921 [localhost-startStop-1] [com.alibaba.dubbo.registry.zookeeper.ZookeeperRegistry]-[INFO]  [DUBBO] Register: dubbo://192.168.1.16:20880/com.cdinit.service.UserService?anyhost=true&application=dubbo-service&dubbo=2.5.3&interface=com.cdinit.service.UserService&methods=list&pid=20248&revision=0.0.1-SNAPSHOT&side=provider&timestamp=1530877918414, dubbo version: 2.5.3, current host: 127.0.0.1
2018-07-06 19:51:59,029 [localhost-startStop-1-SendThread(58.87.121.128:2181)] [org.apache.zookeeper.ClientCnxn]-[DEBUG] Reading reply sessionid:0x1000fa112f3000a, packet:: clientPath:null serverPath:null finished:false header:: 1,1  replyHeader:: 1,333,-110  request:: '/dubbo,,v{s{31,s{'world,'anyone}}},0  response::  
2018-07-06 19:51:59,126 [localhost-startStop-1-SendThread(58.87.121.128:2181)] [org.apache.zookeeper.ClientCnxn]-[DEBUG] Reading reply sessionid:0x1000fa112f3000a, packet:: clientPath:null serverPath:null finished:false header:: 2,1  replyHeader:: 2,334,-110  request:: '/dubbo/com.cdinit.service.UserService,,v{s{31,s{'world,'anyone}}},0  response::  
2018-07-06 19:51:59,226 [localhost-startStop-1-SendThread(58.87.121.128:2181)] [org.apache.zookeeper.ClientCnxn]-[DEBUG] Reading reply sessionid:0x1000fa112f3000a, packet:: clientPath:null serverPath:null finished:false header:: 3,1  replyHeader:: 3,335,-110  request:: '/dubbo/com.cdinit.service.UserService/providers,,v{s{31,s{'world,'anyone}}},0  response::  
2018-07-06 19:51:59,316 [localhost-startStop-1-SendThread(58.87.121.128:2181)] [org.apache.zookeeper.ClientCnxn]-[DEBUG] Reading reply sessionid:0x1000fa112f3000a, packet:: clientPath:null serverPath:null finished:false header:: 4,1  replyHeader:: 4,336,0  request:: '/dubbo/com.cdinit.service.UserService/providers/dubbo%253A%252F%252F192.168.1.16%253A20880%252Fcom.cdinit.service.UserService%253Fanyhost%253Dtrue%2526application%253Ddubbo-service%2526dubbo%253D2.5.3%2526interface%253Dcom.cdinit.service.UserService%2526methods%253Dlist%2526pid%253D20248%2526revision%253D0.0.1-SNAPSHOT%2526side%253Dprovider%2526timestamp%253D1530877918414,,v{s{31,s{'world,'anyone}}},1  response:: '/dubbo/com.cdinit.service.UserService/providers/dubbo%253A%252F%252F192.168.1.16%253A20880%252Fcom.cdinit.service.UserService%253Fanyhost%253Dtrue%2526application%253Ddubbo-service%2526dubbo%253D2.5.3%2526interface%253Dcom.cdinit.service.UserService%2526methods%253Dlist%2526pid%253D20248%2526revision%253D0.0.1-SNAPSHOT%2526side%253Dprovider%2526timestamp%253D1530877918414 
2018-07-06 19:51:59,317 [localhost-startStop-1] [com.alibaba.dubbo.registry.zookeeper.ZookeeperRegistry]-[INFO]  [DUBBO] Subscribe: provider://192.168.1.16:20880/com.cdinit.service.UserService?anyhost=true&application=dubbo-service&category=configurators&check=false&dubbo=2.5.3&interface=com.cdinit.service.UserService&methods=list&pid=20248&revision=0.0.1-SNAPSHOT&side=provider&timestamp=1530877918414, dubbo version: 2.5.3, current host: 127.0.0.1
2018-07-06 19:51:59,392 [localhost-startStop-1-SendThread(58.87.121.128:2181)] [org.apache.zookeeper.ClientCnxn]-[DEBUG] Reading reply sessionid:0x1000fa112f3000a, packet:: clientPath:null serverPath:null finished:false header:: 5,1  replyHeader:: 5,337,-110  request:: '/dubbo,,v{s{31,s{'world,'anyone}}},0  response::  
2018-07-06 19:51:59,506 [localhost-startStop-1-SendThread(58.87.121.128:2181)] [org.apache.zookeeper.ClientCnxn]-[DEBUG] Reading reply sessionid:0x1000fa112f3000a, packet:: clientPath:null serverPath:null finished:false header:: 6,1  replyHeader:: 6,338,-110  request:: '/dubbo/com.cdinit.service.UserService,,v{s{31,s{'world,'anyone}}},0  response::  
2018-07-06 19:51:59,606 [localhost-startStop-1-SendThread(58.87.121.128:2181)] [org.apache.zookeeper.ClientCnxn]-[DEBUG] Reading reply sessionid:0x1000fa112f3000a, packet:: clientPath:null serverPath:null finished:false header:: 7,1  replyHeader:: 7,339,-110  request:: '/dubbo/com.cdinit.service.UserService/configurators,,v{s{31,s{'world,'anyone}}},0  response::  
2018-07-06 19:51:59,690 [localhost-startStop-1-SendThread(58.87.121.128:2181)] [org.apache.zookeeper.ClientCnxn]-[DEBUG] Reading reply sessionid:0x1000fa112f3000a, packet:: clientPath:null serverPath:null finished:false header:: 8,3  replyHeader:: 8,339,0  request:: '/dubbo/com.cdinit.service.UserService/configurators,T  response:: s{30,30,1530854431565,1530854431565,0,0,0,0,0,0,30} 
2018-07-06 19:51:59,777 [localhost-startStop-1-SendThread(58.87.121.128:2181)] [org.apache.zookeeper.ClientCnxn]-[DEBUG] Reading reply sessionid:0x1000fa112f3000a, packet:: clientPath:null serverPath:null finished:false header:: 9,8  replyHeader:: 9,339,0  request:: '/dubbo/com.cdinit.service.UserService/configurators,T  response:: v{} 
2018-07-06 19:51:59,778 [localhost-startStop-1] [com.alibaba.dubbo.registry.zookeeper.ZookeeperRegistry]-[INFO]  [DUBBO] Notify urls for subscribe url provider://192.168.1.16:20880/com.cdinit.service.UserService?anyhost=true&application=dubbo-service&category=configurators&check=false&dubbo=2.5.3&interface=com.cdinit.service.UserService&methods=list&pid=20248&revision=0.0.1-SNAPSHOT&side=provider&timestamp=1530877918414, urls: [empty://192.168.1.16:20880/com.cdinit.service.UserService?anyhost=true&application=dubbo-service&category=configurators&check=false&dubbo=2.5.3&interface=com.cdinit.service.UserService&methods=list&pid=20248&revision=0.0.1-SNAPSHOT&side=provider&timestamp=1530877918414], dubbo version: 2.5.3, current host: 127.0.0.1
2018-07-06 19:51:59,785 [localhost-startStop-1] [com.alibaba.dubbo.common.extension.ExtensionLoader]-[DEBUG]  [DUBBO] package com.alibaba.dubbo.rpc.cluster;
import com.alibaba.dubbo.common.extension.ExtensionLoader;
public class RouterFactory$Adpative implements com.alibaba.dubbo.rpc.cluster.RouterFactory {
public com.alibaba.dubbo.rpc.cluster.Router getRouter(com.alibaba.dubbo.common.URL arg0) {
if (arg0 == null) throw new IllegalArgumentException("url == null");
com.alibaba.dubbo.common.URL url = arg0;
String extName = url.getProtocol();
if(extName == null) throw new IllegalStateException("Fail to get extension(com.alibaba.dubbo.rpc.cluster.RouterFactory) name from url(" + url.toString() + ") use keys([protocol])");
com.alibaba.dubbo.rpc.cluster.RouterFactory extension = (com.alibaba.dubbo.rpc.cluster.RouterFactory)ExtensionLoader.getExtensionLoader(com.alibaba.dubbo.rpc.cluster.RouterFactory.class).getExtension(extName);
return extension.getRouter(arg0);
}
}, dubbo version: 2.5.3, current host: 127.0.0.1
2018-07-06 19:51:59,791 [localhost-startStop-1] [com.alibaba.dubbo.common.extension.ExtensionLoader]-[DEBUG]  [DUBBO] package com.alibaba.dubbo.rpc.cluster;
import com.alibaba.dubbo.common.extension.ExtensionLoader;
public class ConfiguratorFactory$Adpative implements com.alibaba.dubbo.rpc.cluster.ConfiguratorFactory {
public com.alibaba.dubbo.rpc.cluster.Configurator getConfigurator(com.alibaba.dubbo.common.URL arg0) {
if (arg0 == null) throw new IllegalArgumentException("url == null");
com.alibaba.dubbo.common.URL url = arg0;
String extName = url.getProtocol();
if(extName == null) throw new IllegalStateException("Fail to get extension(com.alibaba.dubbo.rpc.cluster.ConfiguratorFactory) name from url(" + url.toString() + ") use keys([protocol])");
com.alibaba.dubbo.rpc.cluster.ConfiguratorFactory extension = (com.alibaba.dubbo.rpc.cluster.ConfiguratorFactory)ExtensionLoader.getExtensionLoader(com.alibaba.dubbo.rpc.cluster.ConfiguratorFactory.class).getExtension(extName);
return extension.getConfigurator(arg0);
}
}, dubbo version: 2.5.3, current host: 127.0.0.1
2018-07-06 19:51:59,798 [localhost-startStop-1] [org.springframework.beans.factory.support.DefaultListableBeanFactory]-[DEBUG] Finished creating instance of bean 'userServiceImpl'
2018-07-06 19:51:59,799 [localhost-startStop-1] [org.springframework.web.context.support.XmlWebApplicationContext]-[DEBUG] Unable to locate LifecycleProcessor with name 'lifecycleProcessor': using default [org.springframework.context.support.DefaultLifecycleProcessor@75edc781]
2018-07-06 19:51:59,800 [localhost-startStop-1] [org.springframework.beans.factory.support.DefaultListableBeanFactory]-[DEBUG] Returning cached instance of singleton bean 'lifecycleProcessor'
2018-07-06 19:51:59,803 [localhost-startStop-1] [org.springframework.beans.factory.support.DefaultListableBeanFactory]-[DEBUG] Returning cached instance of singleton bean 'sqlSessionFactory'
2018-07-06 19:51:59,804 [localhost-startStop-1] [org.springframework.core.env.PropertySourcesPropertyResolver]-[DEBUG] Searching for key 'spring.liveBeansView.mbeanDomain' in [servletConfigInitParams]
2018-07-06 19:51:59,805 [localhost-startStop-1] [org.springframework.core.env.PropertySourcesPropertyResolver]-[DEBUG] Searching for key 'spring.liveBeansView.mbeanDomain' in [servletContextInitParams]
2018-07-06 19:51:59,805 [localhost-startStop-1] [org.springframework.core.env.PropertySourcesPropertyResolver]-[DEBUG] Searching for key 'spring.liveBeansView.mbeanDomain' in [jndiProperties]
2018-07-06 19:51:59,805 [localhost-startStop-1] [org.springframework.jndi.JndiTemplate]-[DEBUG] Looking up JNDI object with name [java:comp/env/spring.liveBeansView.mbeanDomain]
2018-07-06 19:51:59,805 [localhost-startStop-1] [org.springframework.jndi.JndiLocatorDelegate]-[DEBUG] Converted JNDI name [java:comp/env/spring.liveBeansView.mbeanDomain] not found - trying original name [spring.liveBeansView.mbeanDomain]. javax.naming.NameNotFoundException: Name [spring.liveBeansView.mbeanDomain] is not bound in this Context. Unable to find [spring.liveBeansView.mbeanDomain].
2018-07-06 19:51:59,805 [localhost-startStop-1] [org.springframework.jndi.JndiTemplate]-[DEBUG] Looking up JNDI object with name [spring.liveBeansView.mbeanDomain]
2018-07-06 19:51:59,805 [localhost-startStop-1] [org.springframework.jndi.JndiPropertySource]-[DEBUG] JNDI lookup for name [spring.liveBeansView.mbeanDomain] threw NamingException with message: Name [spring.liveBeansView.mbeanDomain] is not bound in this Context. Unable to find [spring.liveBeansView.mbeanDomain].. Returning null.
2018-07-06 19:51:59,806 [localhost-startStop-1] [org.springframework.core.env.PropertySourcesPropertyResolver]-[DEBUG] Searching for key 'spring.liveBeansView.mbeanDomain' in [systemProperties]
2018-07-06 19:51:59,806 [localhost-startStop-1] [org.springframework.core.env.PropertySourcesPropertyResolver]-[DEBUG] Searching for key 'spring.liveBeansView.mbeanDomain' in [systemEnvironment]
2018-07-06 19:51:59,806 [localhost-startStop-1] [org.springframework.core.env.PropertySourcesPropertyResolver]-[DEBUG] Could not find key 'spring.liveBeansView.mbeanDomain' in any property source. Returning [null]
2018-07-06 19:51:59,806 [localhost-startStop-1] [org.springframework.web.context.ContextLoader]-[DEBUG] Published root WebApplicationContext as ServletContext attribute with name [org.springframework.web.context.WebApplicationContext.ROOT]
2018-07-06 19:51:59,806 [localhost-startStop-1] [org.springframework.web.context.ContextLoader]-[INFO] Root WebApplicationContext: initialization completed in 2488 ms
2018-07-06 19:52:09,786 [localhost-startStop-1-SendThread(58.87.121.128:2181)] [org.apache.zookeeper.ClientCnxn]-[DEBUG] Got ping response for sessionid: 0x1000fa112f3000a after 92ms
2018-07-06 19:52:13,939 [DubboServerHandler-192.168.1.16:20880-thread-2] [com.alibaba.dubbo.remoting.transport.DecodeHandler]-[DEBUG]  [DUBBO] Decode decodeable message com.alibaba.dubbo.rpc.protocol.dubbo.DecodeableRpcInvocation, dubbo version: 2.5.3, current host: 127.0.0.1
2018-07-06 19:52:13,948 [DubboServerHandler-192.168.1.16:20880-thread-2] [org.mybatis.spring.SqlSessionUtils]-[DEBUG] Creating a new SqlSession
2018-07-06 19:52:13,952 [DubboServerHandler-192.168.1.16:20880-thread-2] [org.mybatis.spring.SqlSessionUtils]-[DEBUG] SqlSession [org.apache.ibatis.session.defaults.DefaultSqlSession@2c2f8343] was not registered for synchronization because synchronization is not active
2018-07-06 19:52:13,959 [DubboServerHandler-192.168.1.16:20880-thread-2] [org.springframework.jdbc.datasource.DataSourceUtils]-[DEBUG] Fetching JDBC Connection from DataSource
2018-07-06 19:52:13,992 [DubboServerHandler-192.168.1.16:20880-thread-2] [com.alibaba.druid.pool.DruidDataSource]-[INFO] {dataSource-1} inited
2018-07-06 19:52:14,245 [DubboServerHandler-192.168.1.16:20880-thread-2] [org.mybatis.spring.transaction.SpringManagedTransaction]-[DEBUG] JDBC Connection [com.mysql.jdbc.JDBC4Connection@754c6a0f] will not be managed by Spring
2018-07-06 19:52:14,249 [DubboServerHandler-192.168.1.16:20880-thread-2] [com.cdinit.mapper.UserMapper.list]-[DEBUG] ==>  Preparing: SELECT * FROM tb_user 
2018-07-06 19:52:14,274 [DubboServerHandler-192.168.1.16:20880-thread-2] [com.cdinit.mapper.UserMapper.list]-[DEBUG] ==> Parameters: 
2018-07-06 19:52:14,299 [DubboServerHandler-192.168.1.16:20880-thread-2] [com.cdinit.mapper.UserMapper.list]-[DEBUG] <==      Total: 1
2018-07-06 19:52:14,300 [DubboServerHandler-192.168.1.16:20880-thread-2] [org.mybatis.spring.SqlSessionUtils]-[DEBUG] Closing non transactional SqlSession [org.apache.ibatis.session.defaults.DefaultSqlSession@2c2f8343]
2018-07-06 19:52:14,300 [DubboServerHandler-192.168.1.16:20880-thread-2] [org.springframework.jdbc.datasource.DataSourceUtils]-[DEBUG] Returning JDBC Connection to DataSource
2018-07-06 19:52:19,806 [localhost-startStop-1-SendThread(58.87.121.128:2181)] [org.apache.zookeeper.ClientCnxn]-[DEBUG] Got ping response for sessionid: 0x1000fa112f3000a after 111ms
2018-07-06 19:52:21,891 [New I/O worker #1] [com.alibaba.dubbo.remoting.transport.AbstractServer]-[WARN]  [DUBBO] All clients has discontected from /192.168.1.16:20880. You can graceful shutdown now., dubbo version: 2.5.3, current host: 127.0.0.1
2018-07-06 19:52:21,892 [DubboServerHandler-192.168.1.16:20880-thread-4] [com.alibaba.dubbo.rpc.protocol.dubbo.DubboProtocol]-[INFO]  [DUBBO] disconected from /192.168.1.16:52531,url:dubbo://192.168.1.16:20880/com.cdinit.service.UserService?anyhost=true&application=dubbo-service&channel.readonly.sent=true&codec=dubbo&dubbo=2.5.3&heartbeat=60000&interface=com.cdinit.service.UserService&methods=list&pid=20248&revision=0.0.1-SNAPSHOT&side=provider&timestamp=1530877918414, dubbo version: 2.5.3, current host: 127.0.0.1
